Arguments: 
  C:\Users\marco\AppData\Local\Volta\tools\image\node\16.14.0\node.exe C:\Users\marco\AppData\Local\Volta\tools\image\yarn\1.22.17\bin\yarn.js add tsoa express body-parser

PATH: 
  C:\Users\marco\AppData\Local\Volta\tools\image\npm\8.9.0\bin;C:\Users\marco\AppData\Local\Volta\tools\image\yarn\1.22.17\bin;C:\Users\marco\AppData\Local\Volta\tools\image\node\16.14.0;C:\Users\marco\AppData\Local\oh-my-posh;C:\Program Files\PowerShell\7;C:\Program Files\Common Files\Oracle\Java\javapath;C:\Program Files (x86)\Razer Chroma SDK\bin;C:\Program Files\Razer Chroma SDK\bin;C:\Program Files (x86)\Razer\ChromaBroadcast\bin;C:\Program Files\Razer\ChromaBroadcast\bin;C:\Program Files (x86)\Common Files\Oracle\Java\javapath;C:\Program Files\Volta\;C:\Windows\system32;C:\Windows;C:\Windows\System32\Wbem;C:\Windows\System32\WindowsPowerShell\v1.0\;C:\Windows\System32\OpenSSH\;C:\Program Files\NVIDIA Corporation\NVIDIA NvDLISR;C:\Program Files (x86)\NVIDIA Corporation\PhysX\Common;C:\Program Files\Git\cmd;C:\Program Files\Git\bin;C:\Windows\system32\config\systemprofile\AppData\Local\Microsoft\WindowsApps;C:\Program Files\erl-24.1.7\bin;C:\Program Files (x86)\Elixir\bin;C:\Windows\system32\config\systemprofile\.mix\escripts;C:\platform-tools;C:\Program Files\Java\jdk-18.0.1.1\bin;C:\Program Files\PowerShell\7\;C:\Program Files\Docker\Docker\resources\bin;C:\ProgramData\DockerDesktop\version-bin;C:\Users\marco\AppData\Local\Volta\bin;C:\Users\marco\AppData\Local\Microsoft\WindowsApps;C:\Users\marco\AppData\Local\Programs\Microsoft VS Code\bin;C:\Users\marco\AppData\Local\Programs\oh-my-posh\bin;C:\Users\marco\.deno\bin

Yarn version: 
  1.22.17

Node version: 
  16.14.0

Platform: 
  win32 x64

Trace: 
  Error: EPERM: operation not permitted, unlink 'C:\Users\marco\Documents\Desarrollo\portfolio\backend\node_modules\bcrypt\lib\binding\napi-v3\bcrypt_lib.node'

npm manifest: 
  {
    "name": "express-ts-videos",
    "version": "1.0.0",
    "description": "expressjs with typescript",
    "main": "index.js",
    "scripts": {
      "build": "npx tsc",
      "start": "node dist/index.js",
      "generate": "npx prisma generate",
      "dev": "concurrently \"npx tsc --watch\" \"nodemon -q dist/index.js\"",
      "test": "jest --silent",
      "test-watch": "jest --watch",
      "lint": "eslint ./src/"
    },
    "author": "Perez, Marcos Daniel",
    "license": "ISC",
    "dependencies": {
      "@prisma/client": "^4.1.1",
      "axios": "^0.27.2",
      "bcrypt": "^5.0.1",
      "body-parser": "^1.20.0",
      "cors": "^2.8.5",
      "dotenv": "^16.0.1",
      "express": "^4.18.1",
      "express-joi-openapi": "^0.7.0",
      "helmet": "^5.1.0",
      "inversify": "^6.0.1",
      "inversify-express-utils": "^6.4.3",
      "joi": "^17.6.0",
      "jsonwebtoken": "^8.5.1",
      "lodash": "^4.17.21",
      "morgan": "^1.10.0",
      "reflect-metadata": "^0.1.13"
    },
    "devDependencies": {
      "@types/bcrypt": "^5.0.0",
      "@types/cors": "^2.8.12",
      "@types/express": "^4.17.13",
      "@types/jest": "^28.1.5",
      "@types/jsonwebtoken": "^8.5.8",
      "@types/lodash": "^4.14.182",
      "@types/morgan": "^1.9.3",
      "@types/node": "^17.0.45",
      "@types/supertest": "^2.0.12",
      "@typescript-eslint/eslint-plugin": "^5.32.0",
      "@typescript-eslint/parser": "^5.32.0",
      "concurrently": "^7.2.1",
      "eslint": "^8.21.0",
      "jest": "^28.1.1",
      "jest-mock-extended": "^2.0.6",
      "nodemon": "^2.0.16",
      "prisma": "^4.1.1",
      "supertest": "^6.2.4",
      "ts-jest": "^28.0.5",
      "typescript": "^4.7.4"
    }
  }

yarn manifest: 
  No manifest

Lockfile: 
  No lockfile
